2024-04-12 16:20:09,877 - root - INFO - #############
2024-04-12 17:13:31,686 - root - INFO - #############
2024-04-12 17:15:34,910 - root - INFO - #############
2024-04-12 17:17:12,458 - root - INFO - #############Testing has started
2024-04-15 16:29:26,570 - root - INFO - #############Testing has started
2024-04-15 16:33:43,054 - root - INFO - #############Testing has started###########
2024-04-15 16:37:59,899 - root - INFO - #############Testing has started###########
2024-04-15 16:40:32,469 - root - INFO - #############Testing has started###########
2024-04-15 16:41:46,666 - root - INFO - #############Testing has started###########
2024-04-15 16:43:33,702 - root - INFO - #############Testing has started###########
2024-04-15 16:44:48,681 - root - INFO - #############Testing has started###########
2024-04-15 16:45:47,914 - root - INFO - #############Testing has started###########
2024-04-15 16:51:48,157 - root - INFO - #############Testing has started###########
2024-04-15 16:53:26,204 - root - INFO - #############Testing has started###########
2024-04-15 16:58:47,285 - root - INFO - #############Testing has started###########
2024-04-15 17:00:24,203 - root - INFO - #############Testing has started###########
2024-04-15 17:02:22,504 - root - INFO - #############Testing has started###########
2024-04-15 17:03:40,738 - root - INFO - #############Testing has started###########
2024-04-15 17:04:45,282 - root - INFO - #############Testing has started###########
2024-04-15 17:06:32,201 - root - INFO - #############Testing has started###########
2024-04-15 17:08:54,970 - root - INFO - #############Testing has started###########
2024-04-15 17:11:12,601 - root - INFO - #############Testing has started###########
2024-04-15 17:12:44,909 - root - INFO - #############Testing has started###########
2024-04-15 19:21:15,564 - root - INFO - #############Testing has started###########
2024-04-15 19:22:35,682 - root - INFO - #############Testing has started###########
2024-04-15 22:19:17,664 - root - INFO - #############Testing has started###########
2024-04-15 22:20:28,248 - root - INFO - #############Testing has started###########
2024-04-15 22:22:09,905 - root - INFO - #############Testing has started###########
2024-04-15 22:24:57,125 - root - INFO - #############Testing has started###########
2024-04-15 22:26:19,320 - root - INFO - #############Testing has started###########
2024-04-15 22:30:59,806 - root - INFO - #############Testing has started###########
2024-04-15 22:32:33,228 - root - INFO - #############Testing has started###########
2024-04-15 22:34:08,809 - root - INFO - #############Testing has started###########
2024-04-15 22:37:47,291 - root - INFO - #############Testing has started###########
2024-04-15 22:38:34,509 - root - INFO - #############Testing has started###########
2024-04-15 22:40:20,332 - root - INFO - #############Testing has started###########
2024-04-15 22:42:54,382 - root - INFO - #############Testing has started###########
2024-04-15 22:47:03,988 - root - INFO - #############Testing has started###########
2024-04-15 22:48:47,652 - root - INFO - #############Testing has started###########
2024-04-15 22:49:44,441 - root - INFO - #############Testing has started###########
2024-04-15 22:55:44,282 - root - INFO - #############Testing has started###########
2024-04-15 22:57:04,146 - root - INFO - #############Testing has started###########
2024-04-15 22:57:58,404 - root - INFO - #############Testing has started###########
2024-04-15 23:01:27,730 - root - INFO - #############Testing has started###########
2024-04-15 23:03:51,274 - root - INFO - #############Testing has started###########
2024-04-15 23:09:13,254 - root - INFO - #############Testing has started###########
2024-04-16 13:18:26,327 - root - INFO - #############Testing has started###########
2024-04-16 13:19:27,522 - root - INFO - #############Testing has started###########
2024-04-16 13:26:38,926 - root - INFO - #############Testing has started###########
2024-04-16 13:29:05,424 - root - INFO - #############Testing has started###########
2024-04-16 13:31:39,719 - root - INFO - #############Testing has started###########
2024-04-16 13:32:33,150 - root - INFO - #############Testing has started###########
2024-04-16 16:21:55,488 - root - INFO - #############Testing has started###########
2024-04-16 16:22:08,031 - root - INFO - #############Testing has finished###########
2024-04-16 16:50:01,229 - root - INFO - #############Testing has finished###########
2024-04-16 16:56:53,530 - root - INFO - #############Testing has finished###########
2024-04-16 16:58:14,089 - root - INFO - #############Testing has finished###########
2024-04-16 16:59:32,754 - root - INFO - #############Testing has finished###########
2024-04-16 17:01:05,868 - root - INFO - #############Testing has finished###########
2024-04-16 17:03:49,413 - root - INFO - #############Testing has started###########
2024-04-16 17:04:09,946 - root - INFO - #############Testing has started###########
2024-04-16 18:11:29,980 - root - INFO - #############Testing has started###########
2024-04-16 18:11:49,548 - root - INFO - #############Testing has started###########
2024-04-16 18:15:17,544 - root - INFO - #############Testing has started###########
2024-04-16 18:18:35,806 - root - INFO - #############Testing has started###########
2024-04-16 18:18:50,216 - root - INFO - #############Testing has Finished###########
2024-04-16 18:20:24,016 - root - INFO - #############Testing has finished###########
2024-04-16 18:21:50,565 - root - INFO - #############Testing has started###########
2024-04-16 18:22:08,765 - root - INFO - #############Testing has started###########
2024-04-16 18:22:12,410 - root - INFO - #############Testing has started###########
2024-04-16 18:22:27,867 - root - INFO - #############Testing has Finished###########
2024-04-16 18:22:45,228 - root - INFO - #############Testing has started###########
2024-04-16 18:23:26,375 - root - INFO - #############Testing has started###########
2024-04-16 18:23:41,766 - root - INFO - #############Testing has Finished###########
